/global/cfs/cdirs/m3443/usr/pmtuan/solar-panel-seg/.venv/lib/python3.12/site-packages/albumentations/__init__.py:24: UserWarning: A new version of Albumentations is available: 2.0.8 (you have 1.4.24). Upgrade using: pip install -U albumentations. To disable automatic update checks, set the environment variable NO_ALBUMENTATIONS_UPDATE to 1.
  check_for_updates()
[rank: 0] Seed set to 42
Some weights of Mask2FormerForUniversalSegmentation were not initialized from the model checkpoint at facebook/mask2former-swin-tiny-coco-panoptic and are newly initialized because the shapes did not match:
- class_predictor.bias: found shape torch.Size([134]) in the checkpoint and torch.Size([3]) in the model instantiated
- class_predictor.weight: found shape torch.Size([134, 256]) in the checkpoint and torch.Size([3, 256]) in the model instantiated
- criterion.empty_weight: found shape torch.Size([134]) in the checkpoint and torch.Size([3]) in the model instantiated
You should probably TRAIN this model on a down-stream task to be able to use it for predictions and inference.
Using bfloat16 Automatic Mixed Precision (AMP)
GPU available: True (cuda), used: True
TPU available: False, using: 0 TPU cores
💡 Tip: For seamless cloud logging and experiment tracking, try installing [litlogger](https://pypi.org/project/litlogger/) to enable LitLogger, which logs metrics and artifacts automatically to the Lightning Experiments platform.
`Trainer(limit_train_batches=1.0)` was configured so 100% of the batches per epoch will be used..
`Trainer(limit_val_batches=1.0)` was configured so 100% of the batches will be used..
You are using a CUDA device ('NVIDIA A100-SXM4-80GB') that has Tensor Cores. To properly utilize them, you should set `torch.set_float32_matmul_precision('medium' | 'high')` which will trade-off precision for performance. For more details, read https://pytorch.org/docs/stable/generated/torch.set_float32_matmul_precision.html#torch.set_float32_matmul_precision
Experiment with name swin_t not found. Creating it.
LOCAL_RANK: 0 - CUDA_VISIBLE_DEVICES: [0]
/global/cfs/cdirs/m3443/usr/pmtuan/solar-panel-seg/.venv/lib/python3.12/site-packages/lightning/pytorch/utilities/model_summary/model_summary.py:242: Precision bf16-mixed is not supported by the model summary.  Estimated model size in MB will not be accurate. Using 32 bits instead.
SLURM auto-requeueing enabled. Setting signal handlers.
/global/cfs/cdirs/m3443/usr/pmtuan/solar-panel-seg/.venv/lib/python3.12/site-packages/lightning/pytorch/utilities/_pytree.py:21: `isinstance(treespec, LeafSpec)` is deprecated, use `isinstance(treespec, TreeSpec) and treespec.is_leaf()` instead.
/global/cfs/cdirs/m3443/usr/pmtuan/solar-panel-seg/.venv/lib/python3.12/site-packages/lightning/pytorch/utilities/data.py:79: Trying to infer the `batch_size` from an ambiguous collection. The batch size we found is 16. To avoid any miscalculations, use `self.log(..., batch_size=batch_size)`.
/global/cfs/cdirs/m3443/usr/pmtuan/solar-panel-seg/.venv/lib/python3.12/site-packages/lightning/pytorch/loops/fit_loop.py:534: Found 491 module(s) in eval mode at the start of training. This may lead to unexpected behavior during training. If this is intentional, you can ignore this warning.
/global/cfs/cdirs/m3443/usr/pmtuan/solar-panel-seg/.venv/lib/python3.12/site-packages/lightning/pytorch/utilities/data.py:79: Trying to infer the `batch_size` from an ambiguous collection. The batch size we found is 12. To avoid any miscalculations, use `self.log(..., batch_size=batch_size)`.
Restoring states from the checkpoint path at /global/cfs/cdirs/m3443/usr/pmtuan/solar-panel-seg/257975694617467313/1ec23b054a1f485580cd26e0ac0f0978/checkpoints/best-epoch=06-val/loss=8.2671.ckpt
LOCAL_RANK: 0 - CUDA_VISIBLE_DEVICES: [0]
Loaded model weights from the checkpoint at /global/cfs/cdirs/m3443/usr/pmtuan/solar-panel-seg/257975694617467313/1ec23b054a1f485580cd26e0ac0f0978/checkpoints/best-epoch=06-val/loss=8.2671.ckpt
SLURM auto-requeueing enabled. Setting signal handlers.
