==============================================
 Job ID:   55175505
 QOS:      shared (max 4h)
 Repo:     /global/cfs/cdirs/m3443/usr/pmtuan/solar-panel-seg
 Command:  uv run python -m solar_seg.train experiment_name=swin_b_lr1e5 model.learning_rate=1.0e-5 trainer.max_epochs=18
==============================================
┏━━━┳━━━━━━━┳━━━━━━━━━━━━━━━━━━━━━━━━━━━━━━━━━━━━━┳━━━━━━━━┳━━━━━━┳━━━━━━━┓
┃   ┃ Name  ┃ Type                                ┃ Params ┃ Mode ┃ FLOPs ┃
┡━━━╇━━━━━━━╇━━━━━━━━━━━━━━━━━━━━━━━━━━━━━━━━━━━━━╇━━━━━━━━╇━━━━━━╇━━━━━━━┩
│ 0 │ model │ Mask2FormerForUniversalSegmentation │  106 M │ eval │     0 │
└───┴───────┴─────────────────────────────────────┴────────┴──────┴───────┘
Trainable params: 106 M                                                         
Non-trainable params: 0                                                         
Total params: 106 M                                                             
Total estimated model params size (MB): 427                                     
Modules in train mode: 0                                                        
Modules in eval mode: 719                                                       
Total FLOPs: 0                                                                  
Epoch 15/17 ━━━━━━━━━━━━━━━ 1115/1115 0:12:03 •       1.55it/s v_num: b22a      
                                      0:00:00                  val/loss: 8.934  
                                                               train/loss: 4.694
┏━━━━━━━━━━━━━━━━━━━━━━━━━━━┳━━━━━━━━━━━━━━━━━━━━━━━━━━━┓
┃        Test metric        ┃       DataLoader 0        ┃
┡━━━━━━━━━━━━━━━━━━━━━━━━━━━╇━━━━━━━━━━━━━━━━━━━━━━━━━━━┩
│         test/loss         │     8.60268783569336      │
│  test/loss_cross_entropy  │    0.07693593204021454    │
│      test/loss_dice       │     0.665861189365387     │
│      test/loss_mask       │    0.07192939519882202    │
└───────────────────────────┴───────────────────────────┘
Testing ━━━━━━━━━━━━━━━━━━━━━━━━━━━━━━━━━━━ 197/197 0:01:10 • 0:00:00 2.80it/s 
