==============================================
 Job ID:   55175504
 QOS:      shared (max 4h)
 Repo:     /global/cfs/cdirs/m3443/usr/pmtuan/solar-panel-seg
 Command:  uv run python -m solar_seg.train experiment_name=swin_t model=mask2former_swin_t trainer.max_epochs=18
==============================================
┏━━━┳━━━━━━━┳━━━━━━━━━━━━━━━━━━━━━━━━━━━━━━━━━━━━━┳━━━━━━━━┳━━━━━━┳━━━━━━━┓
┃   ┃ Name  ┃ Type                                ┃ Params ┃ Mode ┃ FLOPs ┃
┡━━━╇━━━━━━━╇━━━━━━━━━━━━━━━━━━━━━━━━━━━━━━━━━━━━━╇━━━━━━━━╇━━━━━━╇━━━━━━━┩
│ 0 │ model │ Mask2FormerForUniversalSegmentation │ 47.4 M │ eval │     0 │
└───┴───────┴─────────────────────────────────────┴────────┴──────┴───────┘
Trainable params: 47.4 M                                                        
Non-trainable params: 0                                                         
Total params: 47.4 M                                                            
Total estimated model params size (MB): 189                                     
Modules in train mode: 0                                                        
Modules in eval mode: 491                                                       
Total FLOPs: 0                                                                  
Epoch 11/17 ━━━━━━━━━━━━━━━ 1115/1115 0:09:21 •       2.00it/s v_num: 0978      
                                      0:00:00                  val/loss: 9.324  
                                                               train/loss: 5.008
┏━━━━━━━━━━━━━━━━━━━━━━━━━━━┳━━━━━━━━━━━━━━━━━━━━━━━━━━━┓
┃        Test metric        ┃       DataLoader 0        ┃
┡━━━━━━━━━━━━━━━━━━━━━━━━━━━╇━━━━━━━━━━━━━━━━━━━━━━━━━━━┩
│         test/loss         │     8.27270793914795      │
│  test/loss_cross_entropy  │    0.07991621643304825    │
│      test/loss_dice       │    0.6367107629776001     │
│      test/loss_mask       │    0.06547960638999939    │
└───────────────────────────┴───────────────────────────┘
Testing ━━━━━━━━━━━━━━━━━━━━━━━━━━━━━━━━━━━ 197/197 0:00:59 • 0:00:00 3.35it/s 
