==============================================
 Job ID:   55175509
 QOS:      shared (max 4h)
 Repo:     /global/cfs/cdirs/m3443/usr/pmtuan/solar-panel-seg
 Command:  uv run python -m solar_seg.train experiment_name=noflip_swinb data=bdappv_noflip trainer.max_epochs=18
==============================================
┏━━━┳━━━━━━━┳━━━━━━━━━━━━━━━━━━━━━━━━━━━━━━━━━━━━━┳━━━━━━━━┳━━━━━━┳━━━━━━━┓
┃   ┃ Name  ┃ Type                                ┃ Params ┃ Mode ┃ FLOPs ┃
┡━━━╇━━━━━━━╇━━━━━━━━━━━━━━━━━━━━━━━━━━━━━━━━━━━━━╇━━━━━━━━╇━━━━━━╇━━━━━━━┩
│ 0 │ model │ Mask2FormerForUniversalSegmentation │  106 M │ eval │     0 │
└───┴───────┴─────────────────────────────────────┴────────┴──────┴───────┘
Trainable params: 106 M                                                         
Non-trainable params: 0                                                         
Total params: 106 M                                                             
Total estimated model params size (MB): 427                                     
Modules in train mode: 0                                                        
Modules in eval mode: 719                                                       
Total FLOPs: 0                                                                  
Epoch 15/17 ━━━━━━━━━━━━━━━ 1115/1115 0:12:43 •       1.46it/s v_num: 9134      
                                      0:00:00                  val/loss: 8.538  
                                                               train/loss: 4.346
┏━━━━━━━━━━━━━━━━━━━━━━━━━━━┳━━━━━━━━━━━━━━━━━━━━━━━━━━━┓
┃        Test metric        ┃       DataLoader 0        ┃
┡━━━━━━━━━━━━━━━━━━━━━━━━━━━╇━━━━━━━━━━━━━━━━━━━━━━━━━━━┩
│         test/loss         │     8.154196739196777     │
│  test/loss_cross_entropy  │    0.0763896256685257     │
│      test/loss_dice       │    0.6273534893989563     │
│      test/loss_mask       │    0.07174511253833771    │
└───────────────────────────┴───────────────────────────┘
Testing ━━━━━━━━━━━━━━━━━━━━━━━━━━━━━━━━━━━ 197/197 0:01:13 • 0:00:00 2.70it/s 
